<?xml version="1.0" encoding="utf-8"?><testsuites name="pytest tests"><testsuite name="pytest" errors="0" failures="0" skipped="0" tests="13" time="5.429" timestamp="2026-05-15T17:03:17.427747+00:00" hostname="agent-env-8c7a7761-a244-4f9b-8b52-4b5527cc27cf"><testcase classname="backend.tests.test_lgss_iteration13_restart_backup.TestRegressionEndpoints" name="test_setup_returns_200" time="0.155" /><testcase classname="backend.tests.test_lgss_iteration13_restart_backup.TestRegressionEndpoints" name="test_settings_schema_no_discord_bot_category" time="0.158" /><testcase classname="backend.tests.test_lgss_iteration13_restart_backup.TestRegressionEndpoints" name="test_settings_schema_has_discord_webhooks_category" time="0.138" /><testcase classname="backend.tests.test_lgss_iteration13_restart_backup.TestServerOperations" name="test_restart_server_returns_200" time="1.825" /><testcase classname="backend.tests.test_lgss_iteration13_restart_backup.TestServerOperations" name="test_stop_server_returns_200" time="0.276" /><testcase classname="backend.tests.test_lgss_iteration13_restart_backup.TestServerOperations" name="test_update_server_returns_200_or_409" time="0.966" /><testcase classname="backend.tests.test_lgss_iteration13_restart_backup.TestServerOperations" name="test_generate_notifications_returns_empty_list" time="0.257" /><testcase classname="backend.tests.test_lgss_iteration13_restart_backup.TestBulkOperations" name="test_bulk_stop_all_returns_200" time="0.137" /><testcase classname="backend.tests.test_lgss_iteration13_restart_backup.TestBulkOperations" name="test_bulk_restart_all_returns_200" time="0.112" /><testcase classname="backend.tests.test_lgss_iteration13_restart_backup.TestSchedulerAutoRestart" name="test_scheduler_auto_restart_configuration" time="0.406" /><testcase classname="backend.tests.test_lgss_iteration13_restart_backup.TestBackupIntegration" name="test_list_backups_endpoint" time="0.272" /><testcase classname="backend.tests.test_lgss_iteration13_restart_backup.TestBackupIntegration" name="test_create_manual_backup" time="0.231" /><testcase classname="backend.tests.test_lgss_iteration13_restart_backup.TestServerMetrics" name="test_server_metrics_returns_200" time="0.400" /></testsuite></testsuites>