<?xml version="1.0" encoding="utf-8"?><testsuites name="pytest tests"><testsuite name="pytest" errors="0" failures="0" skipped="0" tests="15" time="6.688" timestamp="2026-04-17T15:55:59.106080+00:00" hostname="agent-env-8c7a7761-a244-4f9b-8b52-4b5527cc27cf"><testcase classname="backend.tests.test_lgss_iteration4.TestServerUpdateEndpoint" name="test_update_server_returns_updating_status" time="0.888" /><testcase classname="backend.tests.test_lgss_iteration4.TestServerUpdateEndpoint" name="test_update_server_preserves_settings" time="1.108" /><testcase classname="backend.tests.test_lgss_iteration4.TestServerUpdateEndpoint" name="test_update_server_404_for_invalid_id" time="0.661" /><testcase classname="backend.tests.test_lgss_iteration4.TestServerUpdateCompleteEndpoint" name="test_update_complete_returns_stopped_status" time="0.856" /><testcase classname="backend.tests.test_lgss_iteration4.TestServerUpdateCompleteEndpoint" name="test_update_complete_404_for_invalid_id" time="0.642" /><testcase classname="backend.tests.test_lgss_iteration4.TestAppVersionEndpoint" name="test_get_app_version_structure" time="0.113" /><testcase classname="backend.tests.test_lgss_iteration4.TestAppVersionEndpoint" name="test_get_app_version_current_is_1_0_0" time="0.123" /><testcase classname="backend.tests.test_lgss_iteration4.TestAppVersionEndpoint" name="test_get_app_version_no_update_by_default" time="0.231" /><testcase classname="backend.tests.test_lgss_iteration4.TestAppReleaseEndpoint" name="test_publish_release_updates_latest" time="0.112" /><testcase classname="backend.tests.test_lgss_iteration4.TestAppReleaseEndpoint" name="test_publish_release_makes_update_available" time="0.240" /><testcase classname="backend.tests.test_lgss_iteration4.TestAppApplyUpdateEndpoint" name="test_apply_update_returns_ok" time="0.114" /><testcase classname="backend.tests.test_lgss_iteration4.TestSchemaRemovedFields" name="test_no_advanced_virtualization_category" time="0.129" /><testcase classname="backend.tests.test_lgss_iteration4.TestSchemaRemovedFields" name="test_essentials_performance_no_master_server_is_local_test" time="0.112" /><testcase classname="backend.tests.test_lgss_iteration4.TestSchemaRemovedFields" name="test_essentials_wipe_no_settings_version" time="0.134" /><testcase classname="backend.tests.test_lgss_iteration4.TestUpdateServerSettingsIntegrity" name="test_update_then_complete_preserves_all_settings" time="1.129" /></testsuite></testsuites>