<?xml version="1.0" encoding="utf-8"?><testsuites name="pytest tests"><testsuite name="pytest" errors="0" failures="0" skipped="1" tests="17" time="7.711" timestamp="2026-04-22T23:37:13.016232+00:00" hostname="agent-env-8c7a7761-a244-4f9b-8b52-4b5527cc27cf"><testcase classname="backend.tests.test_lgss_iteration11_discord_backup.TestSettingsSchema" name="test_schema_has_discord_section" time="0.231" /><testcase classname="backend.tests.test_lgss_iteration11_discord_backup.TestSettingsSchema" name="test_schema_no_client_section" time="0.122" /><testcase classname="backend.tests.test_lgss_iteration11_discord_backup.TestSettingsSchema" name="test_schema_has_discord_webhooks_category" time="0.114" /><testcase classname="backend.tests.test_lgss_iteration11_discord_backup.TestSettingsSchema" name="test_schema_has_discord_bot_category" time="0.123" /><testcase classname="backend.tests.test_lgss_iteration11_discord_backup.TestSettingsSchema" name="test_schema_has_gameplay_client_game" time="0.103" /><testcase classname="backend.tests.test_lgss_iteration11_discord_backup.TestSettingsSchema" name="test_schema_no_client_mouse_video_graphics_sound" time="0.108" /><testcase classname="backend.tests.test_lgss_iteration11_discord_backup.TestDiscordBot" name="test_get_discord_bot_config" time="0.145" /><testcase classname="backend.tests.test_lgss_iteration11_discord_backup.TestDiscordBot" name="test_put_discord_bot_empty_token" time="0.110" /><testcase classname="backend.tests.test_lgss_iteration11_discord_backup.TestDiscordBot" name="test_put_discord_bot_fake_token" time="0.116" /><testcase classname="backend.tests.test_lgss_iteration11_discord_backup.TestDiscordBot" name="test_get_discord_bot_status_after_fake_token" time="2.271" /><testcase classname="backend.tests.test_lgss_iteration11_discord_backup.TestDiscordBot" name="test_put_discord_bot_disable" time="0.225" /><testcase classname="backend.tests.test_lgss_iteration11_discord_backup.TestServerMetrics" name="test_server_metrics_has_players_keys" time="0.522" /><testcase classname="backend.tests.test_lgss_iteration11_discord_backup.TestAutomationBackupSettings" name="test_update_automation_backup_settings" time="0.215" /><testcase classname="backend.tests.test_lgss_iteration11_discord_backup.TestAutomationBackupSettings" name="test_get_server_has_automation_backup_fields" time="0.233" /><testcase classname="backend.tests.test_lgss_iteration11_discord_backup.TestExpectedStopMarking" name="test_stop_server_endpoint" time="0.251" /><testcase classname="backend.tests.test_lgss_iteration11_discord_backup.TestExpectedStopMarking" name="test_restart_server_endpoint" time="0.104"><skipped type="pytest.skip" message="Server not installed">/app/backend/tests/test_lgss_iteration11_discord_backup.py:326: Server not installed</skipped></testcase><testcase classname="backend.tests.test_lgss_iteration11_discord_backup.TestBackupsListNoCrashAfterStop" name="test_no_crash_backup_after_stop" time="2.497" /></testsuite></testsuites>