<?xml version="1.0" encoding="utf-8"?><testsuites name="pytest tests"><testsuite name="pytest" errors="0" failures="0" skipped="0" tests="22" time="11.079" timestamp="2026-04-17T14:39:48.032641+00:00" hostname="agent-env-8c7a7761-a244-4f9b-8b52-4b5527cc27cf"><testcase classname="backend.tests.test_lgss_api.TestSystemEndpoints" name="test_root_endpoint" time="0.274" /><testcase classname="backend.tests.test_lgss_api.TestSystemEndpoints" name="test_admin_check" time="0.129" /><testcase classname="backend.tests.test_lgss_api.TestDiskEndpoints" name="test_list_disks" time="0.146" /><testcase classname="backend.tests.test_lgss_api.TestDiskEndpoints" name="test_setup_requirements" time="0.139" /><testcase classname="backend.tests.test_lgss_api.TestSetupEndpoints" name="test_reset_setup" time="0.341" /><testcase classname="backend.tests.test_lgss_api.TestSetupEndpoints" name="test_get_setup_initial" time="0.263" /><testcase classname="backend.tests.test_lgss_api.TestSetupEndpoints" name="test_update_setup_admin_confirmed" time="0.230" /><testcase classname="backend.tests.test_lgss_api.TestSetupEndpoints" name="test_update_setup_disk_selection" time="0.396" /><testcase classname="backend.tests.test_lgss_api.TestSetupEndpoints" name="test_update_setup_language_theme" time="0.119" /><testcase classname="backend.tests.test_lgss_api.TestServerCRUD" name="test_create_server_without_setup_fails" time="0.617" /><testcase classname="backend.tests.test_lgss_api.TestServerCRUD" name="test_create_server_sequential_naming" time="0.787" /><testcase classname="backend.tests.test_lgss_api.TestServerCRUD" name="test_list_servers" time="0.439" /><testcase classname="backend.tests.test_lgss_api.TestServerCRUD" name="test_get_server_by_id" time="0.583" /><testcase classname="backend.tests.test_lgss_api.TestServerCRUD" name="test_get_server_not_found" time="0.495" /><testcase classname="backend.tests.test_lgss_api.TestServerCRUD" name="test_rename_server" time="0.737" /><testcase classname="backend.tests.test_lgss_api.TestServerCRUD" name="test_delete_server" time="0.727" /><testcase classname="backend.tests.test_lgss_api.TestServerSettings" name="test_update_settings_partial" time="0.546" /><testcase classname="backend.tests.test_lgss_api.TestServerSettings" name="test_update_settings_multiple_categories" time="0.585" /><testcase classname="backend.tests.test_lgss_api.TestServerSettings" name="test_update_settings_persistence" time="0.737" /><testcase classname="backend.tests.test_lgss_api.TestServerStartStop" name="test_start_server" time="0.745" /><testcase classname="backend.tests.test_lgss_api.TestServerStartStop" name="test_stop_server" time="0.815" /><testcase classname="backend.tests.test_lgss_api.TestServerStartStop" name="test_start_stop_not_found" time="1.024" /></testsuite></testsuites>