<?xml version="1.0" encoding="utf-8"?><testsuites name="pytest tests"><testsuite name="pytest" errors="0" failures="0" skipped="0" tests="18" time="6.134" timestamp="2026-04-17T15:37:43.188121+00:00" hostname="agent-env-8c7a7761-a244-4f9b-8b52-4b5527cc27cf"><testcase classname="backend.tests.test_lgss_iteration3.TestSchemaStructure" name="test_schema_has_8_sections" time="0.198" /><testcase classname="backend.tests.test_lgss_iteration3.TestSchemaStructure" name="test_schema_has_53_categories" time="0.119" /><testcase classname="backend.tests.test_lgss_iteration3.TestSchemaStructure" name="test_essentials_identity_category_structure" time="0.124" /><testcase classname="backend.tests.test_lgss_iteration3.TestSchemaStructure" name="test_users_section_has_6_user_lists" time="0.108" /><testcase classname="backend.tests.test_lgss_iteration3.TestNewUserLists" name="test_server_has_users_whitelisted_empty" time="0.492" /><testcase classname="backend.tests.test_lgss_iteration3.TestNewUserLists" name="test_server_has_users_silenced_empty" time="0.445" /><testcase classname="backend.tests.test_lgss_iteration3.TestNewUserLists" name="test_server_has_users_server_admins_with_entry" time="0.454" /><testcase classname="backend.tests.test_lgss_iteration3.TestNewExportEndpoints" name="test_export_server_admins" time="0.558" /><testcase classname="backend.tests.test_lgss_iteration3.TestNewExportEndpoints" name="test_export_whitelisted" time="0.572" /><testcase classname="backend.tests.test_lgss_iteration3.TestNewExportEndpoints" name="test_export_silenced" time="0.574" /><testcase classname="backend.tests.test_lgss_iteration3.TestNewImportEndpoints" name="test_import_whitelisted" time="0.618" /><testcase classname="backend.tests.test_lgss_iteration3.TestNewImportEndpoints" name="test_import_silenced" time="0.590" /><testcase classname="backend.tests.test_lgss_iteration3.TestNewImportEndpoints" name="test_import_server_admins" time="0.611" /><testcase classname="backend.tests.test_lgss_iteration3.TestCategorySourceKeyPattern" name="test_essentials_categories_use_srv_general" time="0.125" /><testcase classname="backend.tests.test_lgss_iteration3.TestCategorySourceKeyPattern" name="test_gameplay_respawn_uses_srv_respawn" time="0.130" /><testcase classname="backend.tests.test_lgss_iteration3.TestCategorySourceKeyPattern" name="test_world_time_has_fieldkeys" time="0.131" /><testcase classname="backend.tests.test_lgss_iteration3.TestSectionLabels" name="test_sections_have_label_keys" time="0.103" /><testcase classname="backend.tests.test_lgss_iteration3.TestSectionLabels" name="test_categories_have_label_keys" time="0.110" /></testsuite></testsuites>