<?xml version="1.0" encoding="utf-8"?><testsuites name="pytest tests"><testsuite name="pytest" errors="0" failures="0" skipped="0" tests="15" time="4.569" timestamp="2026-04-18T13:47:00.078134+00:00" hostname="agent-env-8c7a7761-a244-4f9b-8b52-4b5527cc27cf"><testcase classname="backend.tests.test_lgss_iteration8.TestLogImport" name="test_import_admin_log" time="0.513" /><testcase classname="backend.tests.test_lgss_iteration8.TestLogImport" name="test_import_economy_log" time="0.145" /><testcase classname="backend.tests.test_lgss_iteration8.TestLogImport" name="test_duplicate_upload_safe" time="0.169" /><testcase classname="backend.tests.test_lgss_iteration8.TestEventsList" name="test_list_events_basic" time="0.050" /><testcase classname="backend.tests.test_lgss_iteration8.TestEventsList" name="test_filter_by_type_admin" time="0.054" /><testcase classname="backend.tests.test_lgss_iteration8.TestEventsList" name="test_filter_by_player" time="0.105" /><testcase classname="backend.tests.test_lgss_iteration8.TestEventStats" name="test_event_stats_basic" time="0.053" /><testcase classname="backend.tests.test_lgss_iteration8.TestEventStats" name="test_event_stats_with_days_filter" time="0.053" /><testcase classname="backend.tests.test_lgss_iteration8.TestClearEvents" name="test_clear_events" time="0.147" /><testcase classname="backend.tests.test_lgss_iteration8.TestLogScan" name="test_scan_nonexistent_folder" time="0.056" /><testcase classname="backend.tests.test_lgss_iteration8.TestDiscordWebhooks" name="test_get_discord_default" time="0.050" /><testcase classname="backend.tests.test_lgss_iteration8.TestDiscordWebhooks" name="test_set_discord_webhook" time="0.095" /><testcase classname="backend.tests.test_lgss_iteration8.TestDiscordWebhooks" name="test_discord_test_invalid_url" time="0.284" /><testcase classname="backend.tests.test_lgss_iteration8.TestEventFieldsVerification" name="test_admin_event_fields" time="2.377" /><testcase classname="backend.tests.test_lgss_iteration8.TestEventFieldsVerification" name="test_economy_event_fields" time="0.147" /></testsuite></testsuites>