<?xml version="1.0" encoding="utf-8"?><testsuites name="pytest tests"><testsuite name="pytest" errors="0" failures="0" skipped="0" tests="15" time="7.864" timestamp="2026-04-22T23:55:53.601594+00:00" hostname="agent-env-8c7a7761-a244-4f9b-8b52-4b5527cc27cf"><testcase classname="backend.tests.test_lgss_iteration12_discord_status_channel.TestDiscordBotStatusChannelFields" name="test_get_discord_bot_has_status_guild_id" time="0.167" /><testcase classname="backend.tests.test_lgss_iteration12_discord_status_channel.TestDiscordBotStatusChannelFields" name="test_get_discord_bot_has_status_channel_id" time="0.117" /><testcase classname="backend.tests.test_lgss_iteration12_discord_status_channel.TestDiscordBotStatusChannelFields" name="test_put_discord_bot_status_guild_id" time="0.258" /><testcase classname="backend.tests.test_lgss_iteration12_discord_status_channel.TestDiscordBotStatusChannelFields" name="test_put_discord_bot_status_channel_id" time="0.233" /><testcase classname="backend.tests.test_lgss_iteration12_discord_status_channel.TestDiscordBotStatusChannelFields" name="test_put_discord_bot_both_ids_together" time="0.106" /><testcase classname="backend.tests.test_lgss_iteration12_discord_status_channel.TestDiscordBotStatusChannelIdClearsMessageIds" name="test_put_new_channel_id_clears_message_ids" time="0.229" /><testcase classname="backend.tests.test_lgss_iteration12_discord_status_channel.TestDiscordBotStatusChannelIdClearsMessageIds" name="test_put_same_channel_id_does_not_clear" time="0.262" /><testcase classname="backend.tests.test_lgss_iteration12_discord_status_channel.TestDiscordBotEnableWithFakeToken" name="test_put_enabled_with_fake_token_returns_200" time="0.134" /><testcase classname="backend.tests.test_lgss_iteration12_discord_status_channel.TestDiscordBotEnableWithFakeToken" name="test_get_discord_bot_status_after_enable" time="0.220" /><testcase classname="backend.tests.test_lgss_iteration12_discord_status_channel.TestDiscordBotEnableWithFakeToken" name="test_get_discord_bot_status_error_after_delay" time="5.391" /><testcase classname="backend.tests.test_lgss_iteration12_discord_status_channel.TestDiscordBotRegressionFromIteration11" name="test_get_discord_bot_config_structure" time="0.114" /><testcase classname="backend.tests.test_lgss_iteration12_discord_status_channel.TestDiscordBotRegressionFromIteration11" name="test_put_discord_bot_empty_token" time="0.119" /><testcase classname="backend.tests.test_lgss_iteration12_discord_status_channel.TestDiscordBotRegressionFromIteration11" name="test_put_discord_bot_disable" time="0.118" /><testcase classname="backend.tests.test_lgss_iteration12_discord_status_channel.TestSettingsSchemaDiscordSection" name="test_schema_has_discord_section" time="0.145" /><testcase classname="backend.tests.test_lgss_iteration12_discord_status_channel.TestSettingsSchemaDiscordSection" name="test_schema_has_discord_bot_category" time="0.110" /></testsuite></testsuites>