<?xml version="1.0" encoding="utf-8"?><testsuites name="pytest tests"><testsuite name="pytest" errors="0" failures="0" skipped="0" tests="24" time="13.418" timestamp="2026-04-17T15:06:09.387455+00:00" hostname="agent-env-8c7a7761-a244-4f9b-8b52-4b5527cc27cf"><testcase classname="backend.tests.test_lgss_iteration2.TestSchemaEndpoint" name="test_schema_returns_categories_and_sections" time="0.253" /><testcase classname="backend.tests.test_lgss_iteration2.TestSchemaEndpoint" name="test_schema_has_5_sections" time="0.382" /><testcase classname="backend.tests.test_lgss_iteration2.TestSchemaEndpoint" name="test_schema_category_structure" time="0.131" /><testcase classname="backend.tests.test_lgss_iteration2.TestServerCreationWithRealDefaults" name="test_server_has_srv_general_with_real_defaults" time="0.521" /><testcase classname="backend.tests.test_lgss_iteration2.TestServerCreationWithRealDefaults" name="test_server_has_srv_world_with_real_defaults" time="0.570" /><testcase classname="backend.tests.test_lgss_iteration2.TestServerCreationWithRealDefaults" name="test_server_has_srv_features_with_real_defaults" time="0.525" /><testcase classname="backend.tests.test_lgss_iteration2.TestServerCreationWithRealDefaults" name="test_server_has_economy_traders_with_28_traders" time="0.530" /><testcase classname="backend.tests.test_lgss_iteration2.TestServerCreationWithRealDefaults" name="test_server_has_raid_times_with_5_entries" time="0.465" /><testcase classname="backend.tests.test_lgss_iteration2.TestServerCreationWithRealDefaults" name="test_server_has_input_axis_with_40_entries" time="0.693" /><testcase classname="backend.tests.test_lgss_iteration2.TestServerCreationWithRealDefaults" name="test_server_has_users_admins_with_steam_ids" time="0.527" /><testcase classname="backend.tests.test_lgss_iteration2.TestServerCreationWithRealDefaults" name="test_server_has_client_settings" time="0.457" /><testcase classname="backend.tests.test_lgss_iteration2.TestServerCreationWithRealDefaults" name="test_string_values_preserved" time="0.556" /><testcase classname="backend.tests.test_lgss_iteration2.TestExportEndpoints" name="test_export_server_settings" time="0.619" /><testcase classname="backend.tests.test_lgss_iteration2.TestExportEndpoints" name="test_export_raid_times" time="0.666" /><testcase classname="backend.tests.test_lgss_iteration2.TestExportEndpoints" name="test_export_notifications" time="0.613" /><testcase classname="backend.tests.test_lgss_iteration2.TestExportEndpoints" name="test_export_input" time="0.660" /><testcase classname="backend.tests.test_lgss_iteration2.TestExportEndpoints" name="test_export_economy" time="0.590" /><testcase classname="backend.tests.test_lgss_iteration2.TestExportEndpoints" name="test_export_gameusersettings" time="0.603" /><testcase classname="backend.tests.test_lgss_iteration2.TestExportEndpoints" name="test_export_admins" time="0.593" /><testcase classname="backend.tests.test_lgss_iteration2.TestImportEndpoints" name="test_import_server_settings" time="0.672" /><testcase classname="backend.tests.test_lgss_iteration2.TestImportEndpoints" name="test_import_raid_times" time="0.596" /><testcase classname="backend.tests.test_lgss_iteration2.TestImportEndpoints" name="test_import_input" time="0.628" /><testcase classname="backend.tests.test_lgss_iteration2.TestSettingsUpdate" name="test_update_srv_general_partial" time="0.722" /><testcase classname="backend.tests.test_lgss_iteration2.TestSettingsUpdate" name="test_update_raid_times_array" time="0.739" /></testsuite></testsuites>