<?xml version="1.0" encoding="utf-8"?><testsuites name="pytest tests"><testsuite name="pytest" errors="0" failures="0" skipped="0" tests="46" time="74.996" timestamp="2026-04-17T15:10:40.035567+00:00" hostname="agent-env-8c7a7761-a244-4f9b-8b52-4b5527cc27cf"><testcase classname="backend.tests.test_lgss_api.TestSystemEndpoints" name="test_root_endpoint" time="0.210" /><testcase classname="backend.tests.test_lgss_api.TestSystemEndpoints" name="test_admin_check" time="0.243" /><testcase classname="backend.tests.test_lgss_api.TestDiskEndpoints" name="test_list_disks" time="0.112" /><testcase classname="backend.tests.test_lgss_api.TestDiskEndpoints" name="test_setup_requirements" time="0.116" /><testcase classname="backend.tests.test_lgss_api.TestSetupEndpoints" name="test_reset_setup" time="0.298" /><testcase classname="backend.tests.test_lgss_api.TestSetupEndpoints" name="test_get_setup_initial" time="0.240" /><testcase classname="backend.tests.test_lgss_api.TestSetupEndpoints" name="test_update_setup_admin_confirmed" time="0.239" /><testcase classname="backend.tests.test_lgss_api.TestSetupEndpoints" name="test_update_setup_disk_selection" time="0.329" /><testcase classname="backend.tests.test_lgss_api.TestSetupEndpoints" name="test_update_setup_language_theme" time="0.116" /><testcase classname="backend.tests.test_lgss_api.TestServerCRUD" name="test_create_server_without_setup_fails" time="0.571" /><testcase classname="backend.tests.test_lgss_api.TestServerCRUD" name="test_create_server_sequential_naming" time="0.831" /><testcase classname="backend.tests.test_lgss_api.TestServerCRUD" name="test_list_servers" time="0.468" /><testcase classname="backend.tests.test_lgss_api.TestServerCRUD" name="test_get_server_by_id" time="0.578" /><testcase classname="backend.tests.test_lgss_api.TestServerCRUD" name="test_get_server_not_found" time="0.449" /><testcase classname="backend.tests.test_lgss_api.TestServerCRUD" name="test_rename_server" time="0.722" /><testcase classname="backend.tests.test_lgss_api.TestServerCRUD" name="test_delete_server" time="1.107" /><testcase classname="backend.tests.test_lgss_api.TestServerSettings" name="test_update_settings_partial" time="0.596" /><testcase classname="backend.tests.test_lgss_api.TestServerSettings" name="test_update_settings_multiple_categories" time="0.626" /><testcase classname="backend.tests.test_lgss_api.TestServerSettings" name="test_update_settings_persistence" time="0.721" /><testcase classname="backend.tests.test_lgss_api.TestServerStartStop" name="test_start_server" time="0.691" /><testcase classname="backend.tests.test_lgss_api.TestServerStartStop" name="test_stop_server" time="0.893" /><testcase classname="backend.tests.test_lgss_api.TestServerStartStop" name="test_start_stop_not_found" time="0.724" /><testcase classname="backend.tests.test_lgss_iteration2.TestSchemaEndpoint" name="test_schema_returns_categories_and_sections" time="0.116" /><testcase classname="backend.tests.test_lgss_iteration2.TestSchemaEndpoint" name="test_schema_has_5_sections" time="0.131" /><testcase classname="backend.tests.test_lgss_iteration2.TestSchemaEndpoint" name="test_schema_category_structure" time="0.134" /><testcase classname="backend.tests.test_lgss_iteration2.TestServerCreationWithRealDefaults" name="test_server_has_srv_general_with_real_defaults" time="0.452" /><testcase classname="backend.tests.test_lgss_iteration2.TestServerCreationWithRealDefaults" name="test_server_has_srv_world_with_real_defaults" time="0.517" /><testcase classname="backend.tests.test_lgss_iteration2.TestServerCreationWithRealDefaults" name="test_server_has_srv_features_with_real_defaults" time="0.449" /><testcase classname="backend.tests.test_lgss_iteration2.TestServerCreationWithRealDefaults" name="test_server_has_economy_traders_with_28_traders" time="0.456" /><testcase classname="backend.tests.test_lgss_iteration2.TestServerCreationWithRealDefaults" name="test_server_has_raid_times_with_5_entries" time="0.491" /><testcase classname="backend.tests.test_lgss_iteration2.TestServerCreationWithRealDefaults" name="test_server_has_input_axis_with_40_entries" time="0.464" /><testcase classname="backend.tests.test_lgss_iteration2.TestServerCreationWithRealDefaults" name="test_server_has_users_admins_with_steam_ids" time="0.472" /><testcase classname="backend.tests.test_lgss_iteration2.TestServerCreationWithRealDefaults" name="test_server_has_client_settings" time="36.612" /><testcase classname="backend.tests.test_lgss_iteration2.TestServerCreationWithRealDefaults" name="test_string_values_preserved" time="0.518" /><testcase classname="backend.tests.test_lgss_iteration2.TestExportEndpoints" name="test_export_server_settings" time="0.593" /><testcase classname="backend.tests.test_lgss_iteration2.TestExportEndpoints" name="test_export_raid_times" time="0.576" /><testcase classname="backend.tests.test_lgss_iteration2.TestExportEndpoints" name="test_export_notifications" time="0.664" /><testcase classname="backend.tests.test_lgss_iteration2.TestExportEndpoints" name="test_export_input" time="0.592" /><testcase classname="backend.tests.test_lgss_iteration2.TestExportEndpoints" name="test_export_economy" time="0.653" /><testcase classname="backend.tests.test_lgss_iteration2.TestExportEndpoints" name="test_export_gameusersettings" time="0.650" /><testcase classname="backend.tests.test_lgss_iteration2.TestExportEndpoints" name="test_export_admins" time="0.628" /><testcase classname="backend.tests.test_lgss_iteration2.TestImportEndpoints" name="test_import_server_settings" time="12.918" /><testcase classname="backend.tests.test_lgss_iteration2.TestImportEndpoints" name="test_import_raid_times" time="0.588" /><testcase classname="backend.tests.test_lgss_iteration2.TestImportEndpoints" name="test_import_input" time="0.635" /><testcase classname="backend.tests.test_lgss_iteration2.TestSettingsUpdate" name="test_update_srv_general_partial" time="0.683" /><testcase classname="backend.tests.test_lgss_iteration2.TestSettingsUpdate" name="test_update_raid_times_array" time="4.000" /></testsuite></testsuites>