<?xml version="1.0" encoding="utf-8"?><testsuites name="pytest tests"><testsuite name="pytest" errors="0" failures="0" skipped="0" tests="13" time="3.365" timestamp="2026-04-18T14:57:21.790525+00:00" hostname="agent-env-8c7a7761-a244-4f9b-8b52-4b5527cc27cf"><testcase classname="backend.tests.test_lgss_iteration10_power_import.TestRestartEndpoint" name="test_restart_installed_server" time="1.178" /><testcase classname="backend.tests.test_lgss_iteration10_power_import.TestRestartEndpoint" name="test_restart_uninstalled_server_returns_400" time="0.092" /><testcase classname="backend.tests.test_lgss_iteration10_power_import.TestBulkPowerActions" name="test_stop_all_servers" time="0.206" /><testcase classname="backend.tests.test_lgss_iteration10_power_import.TestBulkPowerActions" name="test_restart_all_servers" time="0.149" /><testcase classname="backend.tests.test_lgss_iteration10_power_import.TestImportBulk" name="test_import_valid_files" time="0.139" /><testcase classname="backend.tests.test_lgss_iteration10_power_import.TestImportBulk" name="test_import_file_keys_count_mismatch" time="0.122" /><testcase classname="backend.tests.test_lgss_iteration10_power_import.TestImportBulk" name="test_import_invalid_file_key" time="0.120" /><testcase classname="backend.tests.test_lgss_iteration10_power_import.TestImportBulk" name="test_import_wrong_file_type" time="0.152" /><testcase classname="backend.tests.test_lgss_iteration10_power_import.TestImportBulk" name="test_import_mixed_valid_invalid" time="0.180" /><testcase classname="backend.tests.test_lgss_iteration10_power_import.TestImportBulk" name="test_unchanged_files_keep_defaults" time="0.235" /><testcase classname="backend.tests.test_lgss_iteration10_power_import.TestExportEndpoints" name="test_export_server_settings" time="0.051" /><testcase classname="backend.tests.test_lgss_iteration10_power_import.TestExportEndpoints" name="test_export_economy" time="0.050" /><testcase classname="backend.tests.test_lgss_iteration10_power_import.TestExportEndpoints" name="test_export_all_12_file_keys" time="0.610" /></testsuite></testsuites>