<?xml version="1.0" encoding="utf-8"?><testsuites name="pytest tests"><testsuite name="pytest" errors="0" failures="0" skipped="0" tests="21" time="15.409" timestamp="2026-04-17T16:13:43.767999+00:00" hostname="agent-env-8c7a7761-a244-4f9b-8b52-4b5527cc27cf"><testcase classname="backend.tests.test_lgss_iteration5.TestServerCreationWithServersSubfolder" name="test_server_folder_path_includes_servers_subfolder" time="0.668" /><testcase classname="backend.tests.test_lgss_iteration5.TestServerCreationWithServersSubfolder" name="test_multiple_servers_have_correct_folder_paths" time="1.046" /><testcase classname="backend.tests.test_lgss_iteration5.TestServerInstalledField" name="test_new_server_installed_is_false" time="0.583" /><testcase classname="backend.tests.test_lgss_iteration5.TestServerInstalledField" name="test_get_server_returns_installed_field" time="0.706" /><testcase classname="backend.tests.test_lgss_iteration5.TestServerSteamAppIdField" name="test_new_server_steam_app_id_is_3792580" time="0.613" /><testcase classname="backend.tests.test_lgss_iteration5.TestServerInstallEndpoint" name="test_install_sets_installed_true" time="0.695" /><testcase classname="backend.tests.test_lgss_iteration5.TestServerInstallEndpoint" name="test_install_sets_status_stopped" time="0.620" /><testcase classname="backend.tests.test_lgss_iteration5.TestServerInstallEndpoint" name="test_install_persists_installed_true" time="0.773" /><testcase classname="backend.tests.test_lgss_iteration5.TestServerInstallEndpoint" name="test_install_404_for_invalid_id" time="1.685" /><testcase classname="backend.tests.test_lgss_iteration5.TestServerSaveConfigEndpoint" name="test_save_config_returns_config_dir" time="0.597" /><testcase classname="backend.tests.test_lgss_iteration5.TestServerSaveConfigEndpoint" name="test_save_config_config_dir_ends_with_windows_server" time="0.572" /><testcase classname="backend.tests.test_lgss_iteration5.TestServerSaveConfigEndpoint" name="test_save_config_returns_files_array" time="0.592" /><testcase classname="backend.tests.test_lgss_iteration5.TestServerSaveConfigEndpoint" name="test_save_config_returns_count" time="0.627" /><testcase classname="backend.tests.test_lgss_iteration5.TestServerSaveConfigEndpoint" name="test_save_config_returns_11_files" time="0.637" /><testcase classname="backend.tests.test_lgss_iteration5.TestServerSaveConfigEndpoint" name="test_save_config_includes_required_files" time="0.627" /><testcase classname="backend.tests.test_lgss_iteration5.TestServerSaveConfigEndpoint" name="test_save_config_files_have_valid_paths" time="0.554" /><testcase classname="backend.tests.test_lgss_iteration5.TestServerSaveConfigEndpoint" name="test_save_config_files_have_content_field" time="0.579" /><testcase classname="backend.tests.test_lgss_iteration5.TestServerSaveConfigEndpoint" name="test_save_config_404_for_invalid_id" time="0.592" /><testcase classname="backend.tests.test_lgss_iteration5.TestServerRenamePreservesSettings" name="test_rename_server_works" time="0.730" /><testcase classname="backend.tests.test_lgss_iteration5.TestServerRenamePreservesSettings" name="test_rename_preserves_settings" time="0.871" /><testcase classname="backend.tests.test_lgss_iteration5.TestServerRenamePreservesSettings" name="test_rename_preserves_installed_status" time="0.946" /></testsuite></testsuites>