<?xml version="1.0" encoding="utf-8"?><testsuites name="pytest tests"><testsuite name="pytest" errors="0" failures="0" skipped="0" tests="10" time="6.250" timestamp="2026-04-17T17:27:24.754287+00:00" hostname="agent-env-8c7a7761-a244-4f9b-8b52-4b5527cc27cf"><testcase classname="backend.tests.test_lgss_iteration7.TestSteamUpdateCheck" name="test_steam_check_update_returns_real_data" time="0.597" /><testcase classname="backend.tests.test_lgss_iteration7.TestSetupAndServerCreation" name="test_create_server" time="0.404" /><testcase classname="backend.tests.test_lgss_iteration7.TestSaveConfigRealFileWrite" name="test_save_config_writes_11_files" time="0.629" /><testcase classname="backend.tests.test_lgss_iteration7.TestSaveConfigRealFileWrite" name="test_economy_json_strips_image_url" time="0.975" /><testcase classname="backend.tests.test_lgss_iteration7.TestAutomationEndpoints" name="test_update_automation_settings" time="0.700" /><testcase classname="backend.tests.test_lgss_iteration7.TestAutomationEndpoints" name="test_generate_notifications_bilingual" time="0.730" /><testcase classname="backend.tests.test_lgss_iteration7.TestPostInstallSeeding" name="test_post_install_seeds_8_notifications" time="0.563" /><testcase classname="backend.tests.test_lgss_iteration7.TestSteamPublishBuild" name="test_publish_build_marks_update_available" time="0.836" /><testcase classname="backend.tests.test_lgss_iteration7.TestServerFieldsPresent" name="test_server_has_installed_build_id_and_update_available" time="0.607" /><testcase classname="backend.tests.test_lgss_iteration7.TestBackgroundSchedulerStartup" name="test_scheduler_log_message" time="0.116" /></testsuite></testsuites>