<?xml version="1.0" encoding="utf-8"?><testsuites name="pytest tests"><testsuite name="pytest" errors="0" failures="0" skipped="0" tests="15" time="5.311" timestamp="2026-04-18T14:06:32.222692+00:00" hostname="agent-env-8c7a7761-a244-4f9b-8b52-4b5527cc27cf"><testcase classname="tests.test_lgss_iteration9_players.TestPlayersRegistry" name="test_01_players_empty_initially" time="0.682" /><testcase classname="tests.test_lgss_iteration9_players.TestPlayersRegistry" name="test_02_upload_admin_log" time="0.143" /><testcase classname="tests.test_lgss_iteration9_players.TestPlayersRegistry" name="test_03_upload_economy_log" time="0.132" /><testcase classname="tests.test_lgss_iteration9_players.TestPlayersRegistry" name="test_04_players_list_after_upload" time="0.165" /><testcase classname="tests.test_lgss_iteration9_players.TestPlayersRegistry" name="test_05_players_online_filter" time="0.128" /><testcase classname="tests.test_lgss_iteration9_players.TestPlayersRegistry" name="test_06_players_search_by_name" time="0.112" /><testcase classname="tests.test_lgss_iteration9_players.TestPlayersRegistry" name="test_07_players_search_by_steam_id" time="0.116" /><testcase classname="tests.test_lgss_iteration9_players.TestPlayersRegistry" name="test_08_player_detail" time="0.125" /><testcase classname="tests.test_lgss_iteration9_players.TestPlayersRegistry" name="test_09_player_not_found" time="0.149" /><testcase classname="tests.test_lgss_iteration9_players.TestPlayersRegistry" name="test_10_reupload_no_duplicates" time="0.368" /><testcase classname="tests.test_lgss_iteration9_players.TestPlayersRegistry" name="test_11_delete_events_clears_players" time="0.489" /><testcase classname="tests.test_lgss_iteration9_players.TestPlayersResponseStructure" name="test_players_response_fields" time="0.638" /><testcase classname="tests.test_lgss_iteration9_players.TestRegressionChecks" name="test_events_endpoint_still_works" time="0.627" /><testcase classname="tests.test_lgss_iteration9_players.TestRegressionChecks" name="test_event_stats_still_works" time="0.612" /><testcase classname="tests.test_lgss_iteration9_players.TestRegressionChecks" name="test_discord_config_still_works" time="0.707" /></testsuite></testsuites>